# JRE version: OpenJDK Runtime Environment 18.9 (11.0.13+8) (build 11.0.13+8)
# Java VM: OpenJDK 64-Bit Server VM 18.9 (11.0.13+8, mixed mode, tiered, compressed oops, g1 gc, windows-amd64)
Heap:
 garbage-first heap   total 404480K, used 308609K [0x0000000080000000, 0x0000000100000000)
  region size 1024K, 106 young (108544K), 7 survivors (7168K)
 Metaspace       used 143059K, capacity 147409K, committed 147668K, reserved 645120K
  class space    used 17572K, capacity 19141K, committed 19200K, reserved 516096K
GC Heap History (20 events):
Event: 133.309 GC heap before
{Heap before GC invocations=127 (full 0):
 garbage-first heap   total 404480K, used 324877K [0x0000000080000000, 0x0000000100000000)
  region size 1024K, 128 young (131072K), 7 survivors (7168K)
 Metaspace       used 139604K, capacity 143751K, committed 143956K, reserved 643072K
  class space    used 17245K, capacity 18801K, committed 18816K, reserved 516096K
}
Event: 133.324 GC heap after
{Heap after GC invocations=128 (full 0):
 garbage-first heap   total 404480K, used 192340K [0x0000000080000000, 0x0000000100000000)
  region size 1024K, 7 young (7168K), 7 survivors (7168K)
 Metaspace       used 139604K, capacity 143751K, committed 143956K, reserved 643072K
  class space    used 17245K, capacity 18801K, committed 18816K, reserved 516096K
}
Event: 137.378 GC heap before
{Heap before GC invocations=128 (full 0):
 garbage-first heap   total 404480K, used 322388K [0x0000000080000000, 0x0000000100000000)
  region size 1024K, 134 young (137216K), 7 survivors (7168K)
 Metaspace       used 140790K, capacity 144940K, committed 145108K, reserved 643072K
  class space    used 17342K, capacity 18905K, committed 18944K, reserved 516096K
}
Event: 137.397 GC heap after
{Heap after GC invocations=129 (full 0):
 garbage-first heap   total 404480K, used 198979K [0x0000000080000000, 0x0000000100000000)
  region size 1024K, 14 young (14336K), 14 survivors (14336K)
 Metaspace       used 140790K, capacity 144940K, committed 145108K, reserved 643072K
  class space    used 17342K, capacity 18905K, committed 18944K, reserved 516096K
}
Event: 137.771 GC heap before
{Heap before GC invocations=129 (full 0):
 garbage-first heap   total 404480K, used 333123K [0x0000000080000000, 0x0000000100000000)
  region size 1024K, 139 young (142336K), 14 survivors (14336K)
 Metaspace       used 140810K, capacity 145004K, committed 145108K, reserved 643072K
  class space    used 17342K, capacity 18905K, committed 18944K, reserved 516096K
}
Event: 137.791 GC heap after
{Heap after GC invocations=130 (full 0):
 garbage-first heap   total 404480K, used 203469K [0x0000000080000000, 0x0000000100000000)
  region size 1024K, 11 young (11264K), 11 survivors (11264K)
 Metaspace       used 140810K, capacity 145004K, committed 145108K, reserved 643072K
  class space    used 17342K, capacity 18905K, committed 18944K, reserved 516096K
}
Event: 138.253 GC heap before
{Heap before GC invocations=130 (full 0):
 garbage-first heap   total 404480K, used 330445K [0x0000000080000000, 0x0000000100000000)
  region size 1024K, 136 young (139264K), 11 survivors (11264K)
 Metaspace       used 140849K, capacity 145016K, committed 145108K, reserved 643072K
  class space    used 17343K, capacity 18907K, committed 18944K, reserved 516096K
}
Event: 138.261 GC heap after
{Heap after GC invocations=131 (full 0):
 garbage-first heap   total 404480K, used 203165K [0x0000000080000000, 0x0000000100000000)
  region size 1024K, 5 young (5120K), 5 survivors (5120K)
 Metaspace       used 140849K, capacity 145016K, committed 145108K, reserved 643072K
  class space    used 17343K, capacity 18907K, committed 18944K, reserved 516096K
}
Event: 138.934 GC heap before
{Heap before GC invocations=131 (full 0):
 garbage-first heap   total 404480K, used 334237K [0x0000000080000000, 0x0000000100000000)
  region size 1024K, 133 young (136192K), 5 survivors (5120K)
 Metaspace       used 140871K, capacity 145016K, committed 145108K, reserved 643072K
  class space    used 17343K, capacity 18907K, committed 18944K, reserved 516096K
}
Event: 138.937 GC heap after
{Heap after GC invocations=132 (full 0):
 garbage-first heap   total 404480K, used 202043K [0x0000000080000000, 0x0000000100000000)
  region size 1024K, 4 young (4096K), 4 survivors (4096K)
 Metaspace       used 140871K, capacity 145016K, committed 145108K, reserved 643072K
  class space    used 17343K, capacity 18907K, committed 18944K, reserved 516096K
}
Event: 139.625 GC heap before
{Heap before GC invocations=132 (full 0):
 garbage-first heap   total 404480K, used 338235K [0x0000000080000000, 0x0000000100000000)
  region size 1024K, 135 young (138240K), 4 survivors (4096K)
 Metaspace       used 140918K, capacity 145080K, committed 145364K, reserved 643072K
  class space    used 17343K, capacity 18907K, committed 18944K, reserved 516096K
}
Event: 139.628 GC heap after
{Heap after GC invocations=133 (full 0):
 garbage-first heap   total 404480K, used 200625K [0x0000000080000000, 0x0000000100000000)
  region size 1024K, 2 young (2048K), 2 survivors (2048K)
 Metaspace       used 140918K, capacity 145080K, committed 145364K, reserved 643072K
  class space    used 17343K, capacity 18907K, committed 18944K, reserved 516096K
}
Event: 141.768 GC heap before
{Heap before GC invocations=133 (full 0):
 garbage-first heap   total 404480K, used 339889K [0x0000000080000000, 0x0000000100000000)
  region size 1024K, 136 young (139264K), 2 survivors (2048K)
 Metaspace       used 141690K, capacity 145943K, committed 146260K, reserved 645120K
  class space    used 17420K, capacity 18978K, committed 19072K, reserved 516096K
}
Event: 141.775 GC heap after
{Heap after GC invocations=134 (full 0):
 garbage-first heap   total 404480K, used 202771K [0x0000000080000000, 0x0000000100000000)
  region size 1024K, 4 young (4096K), 4 survivors (4096K)
 Metaspace       used 141690K, capacity 145943K, committed 146260K, reserved 645120K
  class space    used 17420K, capacity 18978K, committed 19072K, reserved 516096K
}
Event: 142.061 GC heap before
{Heap before GC invocations=134 (full 0):
 garbage-first heap   total 404480K, used 346131K [0x0000000080000000, 0x0000000100000000)
  region size 1024K, 138 young (141312K), 4 survivors (4096K)
 Metaspace       used 141693K, capacity 145943K, committed 146260K, reserved 645120K
  class space    used 17420K, capacity 18978K, committed 19072K, reserved 516096K
}
Event: 142.067 GC heap after
{Heap after GC invocations=135 (full 0):
 garbage-first heap   total 404480K, used 204417K [0x0000000080000000, 0x0000000100000000)
  region size 1024K, 7 young (7168K), 7 survivors (7168K)
 Metaspace       used 141693K, capacity 145943K, committed 146260K, reserved 645120K
  class space    used 17420K, capacity 18978K, committed 19072K, reserved 516096K
}
Event: 142.288 GC heap before
{Heap before GC invocations=135 (full 0):
 garbage-first heap   total 404480K, used 342657K [0x0000000080000000, 0x0000000100000000)
  region size 1024K, 141 young (144384K), 7 survivors (7168K)
 Metaspace       used 141693K, capacity 145943K, committed 146260K, reserved 645120K
  class space    used 17420K, capacity 18978K, committed 19072K, reserved 516096K
}
Event: 142.294 GC heap after
{Heap after GC invocations=136 (full 0):
 garbage-first heap   total 404480K, used 204878K [0x0000000080000000, 0x0000000100000000)
  region size 1024K, 7 young (7168K), 7 survivors (7168K)
 Metaspace       used 141693K, capacity 145943K, committed 146260K, reserved 645120K
  class space    used 17420K, capacity 18978K, committed 19072K, reserved 516096K
}
Event: 143.048 GC heap before
{Heap before GC invocations=136 (full 0):
 garbage-first heap   total 404480K, used 345166K [0x0000000080000000, 0x0000000100000000)
  region size 1024K, 143 young (146432K), 7 survivors (7168K)
 Metaspace       used 142017K, capacity 146331K, committed 146516K, reserved 645120K
  class space    used 17444K, capacity 19020K, committed 19072K, reserved 516096K
}
Event: 143.056 GC heap after
{Heap after GC invocations=137 (full 0):
 garbage-first heap   total 404480K, used 206209K [0x0000000080000000, 0x0000000100000000)
  region size 1024K, 7 young (7168K), 7 survivors (7168K)
 Metaspace       used 142017K, capacity 146331K, committed 146516K, reserved 645120K
  class space    used 17444K, capacity 19020K, committed 19072K, reserved 516096K
}

